1 
2 
3 
4 
5 
6 
7 
8 
9 
10 
11 
12 
13 
14 
15 
j1  x: 168 y: 111   real_x: 3   real_y: 0  angle: 74  r_val: 0.279400  region_id: 67
16 
j1  x: 132 y: 112   real_x: 8   real_y: 2  angle: 121  r_val: 0.381000  region_id: 36
17 
j1  x: 156 y: 83   real_x: 0   real_y: 13  angle: 89  r_val: 0.609600  region_id: 30
18 
j1  x: 191 y: 80   real_x: 14   real_y: 0  angle: 38  r_val: 0.431800  region_id: 62
19 
j1  x: 232 y: 79   real_x: 33   real_y: 10  angle: 32  r_val: 0.990600  region_id: 69
20 
j1  x: 280 y: 76   real_x: 67   real_y: 7  angle: 15  r_val: 1.752600  region_id: 72
21 
j1  x: 177 y: 57   real_x: 9   real_y: 28  angle: 77  r_val: 1.016000  region_id: 55
22 
j1  x: 209 y: 56   real_x: 26   real_y: 27  angle: 55  r_val: 1.168400  region_id: 57
23 
j1  x: 252 y: 52   real_x: 58   real_y: 29  angle: 34  r_val: 1.778000  region_id: 59
24 
25 
j1  x: 197 y: 36   real_x: 22   real_y: 44  angle: 68  r_val: 1.498600  region_id: 50
26 
j1  x: 69 y: 24   real_x: 58   real_y: 61  angle: 128  r_val: 2.336800  region_id: 8
27 
j1  x: 228 y: 31   real_x: 48   real_y: 51  angle: 52  r_val: 1.981200  region_id: 46
28 
j1  x: 79 y: 20   real_x: 55   real_y: 64  angle: 126  r_val: 2.362200  region_id: 2
29 
30 
31 
j1  x: 213 y: 16   real_x: 39   real_y: 68  angle: 63  r_val: 2.235200  region_id: 40
32 
33 
34 
